<?xml version="1.0" encoding="UTF-8"?>
<!-- Generated by org.testng.reporters.JUnitReportReporter -->
<testsuite skipped="0" hostname="DESKTOP-8FDCMHT" name="com.textboxop.WebElementopII" tests="1" failures="0" timestamp="2022-03-22T15:44:40 IST" time="12.578" errors="0">
  <testcase name="locatortest" time="12.578" classname="com.textboxop.WebElementopII"/>
  <system-out/>
</testsuite> <!-- com.textboxop.WebElementopII -->
