<?xml version="1.0" encoding="UTF-8"?>
<!-- Generated by org.testng.reporters.JUnitReportReporter -->
<testsuite skipped="0" hostname="DESKTOP-8FDCMHT" name="com.dropdown.test.DropDownIV" tests="1" failures="0" timestamp="2022-03-30T20:02:31 IST" time="22.675" errors="0">
  <testcase name="radioOp" time="22.675" classname="com.dropdown.test.DropDownIV"/>
  <system-out/>
</testsuite> <!-- com.dropdown.test.DropDownIV -->
