<?xml version="1.0" encoding="UTF-8"?>
<!-- Generated by org.testng.reporters.JUnitReportReporter -->
<testsuite hostname="DESKTOP-8FDCMHT" failures="0" tests="1" name="com.radiobuttonsop.radioButtonII" time="102.907" errors="0" timestamp="2022-05-20T21:35:46 IST" skipped="0">
  <testcase classname="com.radiobuttonsop.radioButtonII" name="radiobuttontest" time="102.907"/>
  <system-out/>
</testsuite> <!-- com.radiobuttonsop.radioButtonII -->
