<?xml version="1.0" encoding="UTF-8"?>
<!-- Generated by org.testng.reporters.JUnitReportReporter -->
<testsuite hostname="DESKTOP-8FDCMHT" failures="0" tests="1" name="com.actions.test.MouseHoverTest" time="15.139" errors="0" timestamp="2022-05-20T15:39:49 IST" skipped="0">
  <testcase classname="com.actions.test.MouseHoverTest" name="mousehoverEvent" time="15.139"/>
  <system-out/>
</testsuite> <!-- com.actions.test.MouseHoverTest -->
