<?xml version="1.0" encoding="UTF-8"?>
<!-- Generated by org.testng.reporters.JUnitReportReporter -->
<testsuite hostname="DESKTOP-8FDCMHT" failures="0" tests="1" name="com.test.ElementlocatorV" time="15.484" errors="0" timestamp="2022-05-20T23:27:05 IST" skipped="0">
  <testcase classname="com.test.ElementlocatorV" name="locatortest" time="15.484"/>
  <system-out/>
</testsuite> <!-- com.test.ElementlocatorV -->
