<?xml version="1.0" encoding="UTF-8"?>
<!-- Generated by org.testng.reporters.JUnitReportReporter -->
<testsuite hostname="DESKTOP-8FDCMHT" failures="0" tests="1" name="com.link.test.LinkTest" time="60.428" errors="0" timestamp="2022-05-20T17:51:33 IST" skipped="0">
  <testcase classname="com.link.test.LinkTest" name="linktestt" time="60.428"/>
  <system-out/>
</testsuite> <!-- com.link.test.LinkTest -->
