<?xml version="1.0" encoding="UTF-8"?>
<!-- Generated by org.testng.reporters.JUnitReportReporter -->
<testsuite skipped="0" hostname="DESKTOP-8FDCMHT" name="com.test.ElementlocatorV" tests="1" failures="0" timestamp="2022-03-20T11:16:36 IST" time="57.248" errors="0">
  <testcase name="locatortest" time="57.248" classname="com.test.ElementlocatorV"/>
  <system-out/>
</testsuite> <!-- com.test.ElementlocatorV -->
