<?xml version="1.0" encoding="UTF-8"?>
<!-- Generated by org.testng.reporters.JUnitReportReporter -->
<testsuite skipped="0" hostname="DESKTOP-8FDCMHT" name="com.popup.test.PopUoTest" tests="1" failures="0" timestamp="2022-03-31T11:41:01 IST" time="39.240" errors="0">
  <testcase name="popup" time="39.240" classname="com.popup.test.PopUoTest"/>
  <system-out/>
</testsuite> <!-- com.popup.test.PopUoTest -->
