<?xml version="1.0" encoding="UTF-8"?>
<!-- Generated by org.testng.reporters.JUnitReportReporter -->
<testsuite skipped="0" hostname="DESKTOP-8FDCMHT" name="com.actions.test.ClickandholdTest" tests="1" failures="0" timestamp="2022-04-05T10:21:52 IST" time="18.841" errors="0">
  <testcase name="clickAndhldevent" time="18.841" classname="com.actions.test.ClickandholdTest"/>
  <system-out/>
</testsuite> <!-- com.actions.test.ClickandholdTest -->
