<?xml version="1.0" encoding="UTF-8"?>
<!-- Generated by org.testng.reporters.JUnitReportReporter -->
<testsuite hostname="DESKTOP-8FDCMHT" failures="0" tests="1" name="com.popup.test.PopUoTest" time="38.727" errors="0" timestamp="2022-05-20T18:14:34 IST" skipped="0">
  <testcase classname="com.popup.test.PopUoTest" name="popup" time="38.727"/>
  <system-out/>
</testsuite> <!-- com.popup.test.PopUoTest -->
