<?xml version="1.0" encoding="UTF-8"?>
<!-- Generated by org.testng.reporters.JUnitReportReporter -->
<testsuite hostname="DESKTOP-8FDCMHT" failures="0" tests="1" name="com.textboxop.WebElementOpIV" time="21.476" errors="0" timestamp="2022-05-20T23:05:36 IST" skipped="0">
  <testcase classname="com.textboxop.WebElementOpIV" name="locatortest" time="21.476"/>
  <system-out/>
</testsuite> <!-- com.textboxop.WebElementOpIV -->
