<?xml version="1.0" encoding="UTF-8"?>
<!-- Generated by org.testng.reporters.JUnitReportReporter -->
<testsuite skipped="0" hostname="DESKTOP-8FDCMHT" name="com.link.test.LinkTestII" tests="1" failures="0" timestamp="2022-03-30T20:47:02 IST" time="42.937" errors="0">
  <testcase name="linktestt" time="42.937" classname="com.link.test.LinkTestII"/>
  <system-out/>
</testsuite> <!-- com.link.test.LinkTestII -->
