<?xml version="1.0" encoding="UTF-8"?>
<!-- Generated by org.testng.reporters.JUnitReportReporter -->
<testsuite hostname="DESKTOP-8FDCMHT" failures="0" tests="1" name="com.radiobuttonsop.RadiobuttonSel" time="20.545" errors="0" timestamp="2022-05-20T22:43:16 IST" skipped="0">
  <testcase classname="com.radiobuttonsop.RadiobuttonSel" name="radioOp" time="20.545"/>
  <system-out/>
</testsuite> <!-- com.radiobuttonsop.RadiobuttonSel -->
