<?xml version="1.0" encoding="UTF-8"?>
<!-- Generated by org.testng.reporters.JUnitReportReporter -->
<testsuite skipped="0" hostname="DESKTOP-8FDCMHT" name="com.popup.test.PopUpTestIII" tests="1" failures="0" timestamp="2022-03-31T12:08:42 IST" time="49.148" errors="0">
  <testcase name="popup" time="49.148" classname="com.popup.test.PopUpTestIII"/>
  <system-out/>
</testsuite> <!-- com.popup.test.PopUpTestIII -->
