<?xml version="1.0" encoding="UTF-8"?>
<!-- Generated by org.testng.reporters.JUnitReportReporter -->
<testsuite hostname="DESKTOP-8FDCMHT" failures="0" tests="1" name="com.dropdown.test.FrameHandle" time="29.102" errors="0" timestamp="2022-05-21T01:00:56 IST" skipped="0">
  <testcase classname="com.dropdown.test.FrameHandle" name="windowhandle" time="29.102"/>
  <system-out/>
</testsuite> <!-- com.dropdown.test.FrameHandle -->
