<?xml version="1.0" encoding="UTF-8"?>
<!-- Generated by org.testng.reporters.JUnitReportReporter -->
<testsuite skipped="0" hostname="DESKTOP-8FDCMHT" name="com.radiobuttonsop.RadiobuttonIII" tests="1" failures="0" timestamp="2022-03-29T12:29:09 IST" time="12.359" errors="0">
  <testcase name="radioOp" time="12.359" classname="com.radiobuttonsop.RadiobuttonIII"/>
  <system-out/>
</testsuite> <!-- com.radiobuttonsop.RadiobuttonIII -->
