<?xml version="1.0" encoding="UTF-8"?>
<!-- Generated by org.testng.reporters.JUnitReportReporter -->
<testsuite hostname="DESKTOP-8FDCMHT" failures="0" tests="1" name="com.textboxop.WebElementopII" time="18.210" errors="0" timestamp="2022-05-20T23:02:22 IST" skipped="0">
  <testcase classname="com.textboxop.WebElementopII" name="locatortest" time="18.210"/>
  <system-out/>
</testsuite> <!-- com.textboxop.WebElementopII -->
