<?xml version="1.0" encoding="UTF-8"?>
<!-- Generated by org.testng.reporters.JUnitReportReporter -->
<testsuite skipped="0" hostname="DESKTOP-8FDCMHT" name="com.dropdown.test.Singlewindowhandle" tests="1" failures="0" timestamp="2022-04-04T17:38:15 IST" time="20.256" errors="0">
  <testcase name="windowhandle" time="20.256" classname="com.dropdown.test.Singlewindowhandle"/>
  <system-out/>
</testsuite> <!-- com.dropdown.test.Singlewindowhandle -->
