<?xml version="1.0" encoding="UTF-8"?>
<!-- Generated by org.testng.reporters.JUnitReportReporter -->
<testsuite hostname="DESKTOP-8FDCMHT" failures="0" tests="1" name="com.link.test.ImglinkTest" time="41.905" errors="0" timestamp="2022-05-20T17:36:54 IST" skipped="0">
  <testcase classname="com.link.test.ImglinkTest" name="linktestest" time="41.905"/>
  <system-out/>
</testsuite> <!-- com.link.test.ImglinkTest -->
