<?xml version="1.0" encoding="UTF-8"?>
<!-- Generated by org.testng.reporters.JUnitReportReporter -->
<testsuite skipped="0" hostname="DESKTOP-8FDCMHT" name="com.selMiscellaneous.test.AjaxControlTest" tests="1" failures="0" timestamp="2022-04-05T18:03:30 IST" time="21.828" errors="0">
  <testcase name="ajaxAutoSuggest" time="21.828" classname="com.selMiscellaneous.test.AjaxControlTest"/>
  <system-out/>
</testsuite> <!-- com.selMiscellaneous.test.AjaxControlTest -->
