<?xml version="1.0" encoding="UTF-8"?>
<!-- Generated by org.testng.reporters.JUnitReportReporter -->
<testsuite hostname="DESKTOP-8FDCMHT" failures="0" tests="1" name="com.textboxop.WebElementOpIII" time="24.857" errors="0" timestamp="2022-05-20T22:53:53 IST" skipped="0">
  <testcase classname="com.textboxop.WebElementOpIII" name="getAttributeVal" time="24.857"/>
  <system-out/>
</testsuite> <!-- com.textboxop.WebElementOpIII -->
