<?xml version="1.0" encoding="UTF-8"?>
<!-- Generated by org.testng.reporters.JUnitReportReporter -->
<testsuite hostname="DESKTOP-8FDCMHT" failures="0" tests="1" name="com.selMiscellaneous.test.SeleniumWaits" time="12.879" errors="0" timestamp="2022-05-20T22:49:16 IST" skipped="0">
  <testcase classname="com.selMiscellaneous.test.SeleniumWaits" name="launchbrowser" time="12.879"/>
  <system-out/>
</testsuite> <!-- com.selMiscellaneous.test.SeleniumWaits -->
