<?xml version="1.0" encoding="UTF-8"?>
<!-- Generated by org.testng.reporters.JUnitReportReporter -->
<testsuite skipped="0" hostname="DESKTOP-8FDCMHT" name="com.actions.test.MouseHoverTest" tests="1" failures="0" timestamp="2022-04-05T15:08:23 IST" time="20.137" errors="0">
  <testcase name="mousehoverEvent" time="20.137" classname="com.actions.test.MouseHoverTest"/>
  <system-out/>
</testsuite> <!-- com.actions.test.MouseHoverTest -->
