<?xml version="1.0" encoding="UTF-8"?>
<!-- Generated by org.testng.reporters.JUnitReportReporter -->
<testsuite skipped="0" hostname="DESKTOP-8FDCMHT" name="com.selMiscellaneous.test.WebTableOperations" tests="3" failures="0" timestamp="2022-04-05T20:59:15 IST" time="35.426" errors="0">
  <testcase name="tableRows" time="15.781" classname="com.selMiscellaneous.test.WebTableOperations"/>
  <system-out/>
  <testcase name="tableCols" time="8.987" classname="com.selMiscellaneous.test.WebTableOperations"/>
  <system-out/>
  <testcase name="getdata" time="10.658" classname="com.selMiscellaneous.test.WebTableOperations"/>
  <system-out/>
</testsuite> <!-- com.selMiscellaneous.test.WebTableOperations -->
