<?xml version="1.0" encoding="UTF-8"?>
<!-- Generated by org.testng.reporters.JUnitReportReporter -->
<testsuite hostname="DESKTOP-8FDCMHT" failures="0" tests="1" name="com.actions.test.DragAndDropTest" time="46.912" errors="0" timestamp="2022-04-28T23:47:44 IST" skipped="0">
  <testcase classname="com.actions.test.DragAndDropTest" name="dragAnddrop" time="46.912"/>
  <system-out/>
</testsuite> <!-- com.actions.test.DragAndDropTest -->
