<?xml version="1.0" encoding="UTF-8"?>
<!-- Generated by org.testng.reporters.JUnitReportReporter -->
<testsuite hostname="DESKTOP-8FDCMHT" failures="0" tests="1" name="com.popup.test.PopUpTestIII" time="31.412" errors="0" timestamp="2022-05-20T18:25:31 IST" skipped="0">
  <testcase classname="com.popup.test.PopUpTestIII" name="popup" time="31.412"/>
  <system-out/>
</testsuite> <!-- com.popup.test.PopUpTestIII -->
