<?xml version="1.0" encoding="UTF-8"?>
<!-- Generated by org.testng.reporters.JUnitReportReporter -->
<testsuite hostname="DESKTOP-8FDCMHT" failures="0" tests="3" name="com.selMiscellaneous.test.WebTableOperations" time="40.163" errors="0" timestamp="2022-05-21T00:22:25 IST" skipped="2">
  <testcase classname="com.selMiscellaneous.test.WebTableOperations" name="getdata" time="40.163"/>
  <system-out/>
  <testcase classname="com.selMiscellaneous.test.WebTableOperations" name="tableCols">
    <skipped/>
  </testcase> <!-- tableCols -->
  <system-out/>
  <testcase classname="com.selMiscellaneous.test.WebTableOperations" name="tableRows">
    <skipped/>
  </testcase> <!-- tableRows -->
  <system-out/>
</testsuite> <!-- com.selMiscellaneous.test.WebTableOperations -->
