<?xml version="1.0" encoding="UTF-8"?>
<!-- Generated by org.testng.reporters.JUnitReportReporter -->
<testsuite hostname="DESKTOP-8FDCMHT" failures="0" tests="1" name="com.selMiscellaneous.test.BrokenLinks" time="22.023" errors="0" timestamp="2022-05-20T22:53:01 IST" skipped="0">
  <testcase classname="com.selMiscellaneous.test.BrokenLinks" name="brokenlinks" time="22.023"/>
  <system-out/>
</testsuite> <!-- com.selMiscellaneous.test.BrokenLinks -->
