<?xml version="1.0" encoding="UTF-8"?>
<!-- Generated by org.testng.reporters.JUnitReportReporter -->
<testsuite hostname="DESKTOP-8FDCMHT" failures="0" tests="1" name="com.selMiscellaneous.test.AjaxControlTest" time="19.019" errors="0" timestamp="2022-05-20T22:46:46 IST" skipped="0">
  <testcase classname="com.selMiscellaneous.test.AjaxControlTest" name="ajaxAutoSuggest" time="19.019"/>
  <system-out/>
</testsuite> <!-- com.selMiscellaneous.test.AjaxControlTest -->
