<?xml version="1.0" encoding="UTF-8"?>
<!-- Generated by org.testng.reporters.JUnitReportReporter -->
<testsuite skipped="0" hostname="DESKTOP-8FDCMHT" name="com.textboxop.WebElementOpIV" tests="1" failures="0" timestamp="2022-03-22T15:57:02 IST" time="19.709" errors="0">
  <testcase name="locatortest" time="19.709" classname="com.textboxop.WebElementOpIV"/>
  <system-out/>
</testsuite> <!-- com.textboxop.WebElementOpIV -->
