<?xml version="1.0" encoding="UTF-8"?>
<!-- Generated by org.testng.reporters.JUnitReportReporter -->
<testsuite skipped="0" hostname="DESKTOP-8FDCMHT" name="com.dropdown.test.DropDowOp" tests="1" failures="0" timestamp="2022-03-30T17:00:30 IST" time="25.334" errors="0">
  <testcase name="dropDown" time="25.334" classname="com.dropdown.test.DropDowOp"/>
  <system-out/>
</testsuite> <!-- com.dropdown.test.DropDowOp -->
