<?xml version="1.0" encoding="UTF-8"?>
<!-- Generated by org.testng.reporters.JUnitReportReporter -->
<testsuite skipped="0" hostname="DESKTOP-8FDCMHT" name="com.selMiscellaneous.test.SeleniumWaits" tests="1" failures="0" timestamp="2022-04-05T07:21:06 IST" time="20.976" errors="0">
  <testcase name="launchbrowser" time="20.976" classname="com.selMiscellaneous.test.SeleniumWaits"/>
  <system-out/>
</testsuite> <!-- com.selMiscellaneous.test.SeleniumWaits -->
