<?xml version="1.0" encoding="UTF-8"?>
<!-- Generated by org.testng.reporters.JUnitReportReporter -->
<testsuite skipped="0" hostname="DESKTOP-8FDCMHT" name="com.radiobuttonsop.radioButtonOp" tests="1" failures="0" timestamp="2022-03-29T12:23:16 IST" time="10.347" errors="0">
  <testcase name="radiobuttontest" time="10.347" classname="com.radiobuttonsop.radioButtonOp"/>
  <system-out/>
</testsuite> <!-- com.radiobuttonsop.radioButtonOp -->
