<?xml version="1.0" encoding="UTF-8"?>
<!-- Generated by org.testng.reporters.JUnitReportReporter -->
<testsuite skipped="0" hostname="DESKTOP-8FDCMHT" name="com.textboxop.WebElementOp" tests="2" failures="0" timestamp="2022-03-22T15:09:08 IST" time="27.449" errors="0">
  <testcase name="locatortest" time="18.407" classname="com.textboxop.WebElementOp"/>
  <system-out/>
  <testcase name="webElementTest" time="9.042" classname="com.textboxop.WebElementOp"/>
  <system-out/>
</testsuite> <!-- com.textboxop.WebElementOp -->
