<?xml version="1.0" encoding="UTF-8"?>
<!-- Generated by org.testng.reporters.JUnitReportReporter -->
<testsuite hostname="DESKTOP-8FDCMHT" failures="0" tests="1" name="com.radiobuttonsop.RadiobuttonIII" time="41.936" errors="0" timestamp="2022-05-20T21:42:00 IST" skipped="0">
  <testcase classname="com.radiobuttonsop.RadiobuttonIII" name="radioOp" time="41.936"/>
  <system-out/>
</testsuite> <!-- com.radiobuttonsop.RadiobuttonIII -->
