<?xml version="1.0" encoding="UTF-8"?>
<!-- Generated by org.testng.reporters.JUnitReportReporter -->
<testsuite hostname="DESKTOP-8FDCMHT" failures="0" tests="2" name="com.textboxop.WebElementOp" time="21.930" errors="0" timestamp="2022-05-20T22:58:11 IST" skipped="0">
  <testcase classname="com.textboxop.WebElementOp" name="locatortest" time="11.633"/>
  <system-out/>
  <testcase classname="com.textboxop.WebElementOp" name="webElementTest" time="10.297"/>
  <system-out/>
</testsuite> <!-- com.textboxop.WebElementOp -->
