<?xml version="1.0" encoding="UTF-8"?>
<!-- Generated by org.testng.reporters.JUnitReportReporter -->
<testsuite skipped="0" hostname="DESKTOP-8FDCMHT" name="com.radiobuttonsop.RadiobuttonSel" tests="1" failures="0" timestamp="2022-03-29T12:36:54 IST" time="18.325" errors="0">
  <testcase name="radioOp" time="18.325" classname="com.radiobuttonsop.RadiobuttonSel"/>
  <system-out/>
</testsuite> <!-- com.radiobuttonsop.RadiobuttonSel -->
