<?xml version="1.0" encoding="UTF-8"?>
<!-- Generated by org.testng.reporters.JUnitReportReporter -->
<testsuite skipped="0" hostname="DESKTOP-8FDCMHT" name="com.dropdown.test.FrameHandle" tests="1" failures="0" timestamp="2022-04-04T18:34:07 IST" time="40.375" errors="0">
  <testcase name="windowhandle" time="40.375" classname="com.dropdown.test.FrameHandle"/>
  <system-out/>
</testsuite> <!-- com.dropdown.test.FrameHandle -->
