<?xml version="1.0" encoding="UTF-8"?>
<!-- Generated by org.testng.reporters.JUnitReportReporter -->
<testsuite hostname="DESKTOP-8FDCMHT" failures="0" tests="1" name="com.windowhandler.test.WindowHandler" time="110.069" errors="0" timestamp="2022-05-20T23:42:43 IST" skipped="0">
  <testcase classname="com.windowhandler.test.WindowHandler" name="login" time="110.069"/>
  <system-out/>
</testsuite> <!-- com.windowhandler.test.WindowHandler -->
