<?xml version="1.0" encoding="UTF-8"?>
<!-- Generated by org.testng.reporters.JUnitReportReporter -->
<testsuite hostname="DESKTOP-8FDCMHT" failures="0" tests="1" name="com.actions.test.keyboardActions" time="8.556" errors="0" timestamp="2022-05-20T15:25:41 IST" skipped="0">
  <testcase classname="com.actions.test.keyboardActions" name="tabPressAction" time="8.556"/>
  <system-out/>
</testsuite> <!-- com.actions.test.keyboardActions -->
