<?xml version="1.0" encoding="UTF-8"?>
<!-- Generated by org.testng.reporters.JUnitReportReporter -->
<testsuite skipped="0" hostname="DESKTOP-8FDCMHT" name="com.link.test.LinkTest" tests="1" failures="0" timestamp="2022-03-30T20:35:11 IST" time="27.369" errors="0">
  <testcase name="linktestt" time="27.369" classname="com.link.test.LinkTest"/>
  <system-out/>
</testsuite> <!-- com.link.test.LinkTest -->
