<?xml version="1.0" encoding="UTF-8"?>
<!-- Generated by org.testng.reporters.JUnitReportReporter -->
<testsuite skipped="0" hostname="DESKTOP-8FDCMHT" name="com.radiobuttonsop.radioButtonII" tests="1" failures="0" timestamp="2022-03-23T11:14:06 IST" time="38.079" errors="0">
  <testcase name="radiobuttontest" time="38.079" classname="com.radiobuttonsop.radioButtonII"/>
  <system-out/>
</testsuite> <!-- com.radiobuttonsop.radioButtonII -->
