<?xml version="1.0" encoding="UTF-8"?>
<!-- Generated by org.testng.reporters.JUnitReportReporter -->
<testsuite skipped="0" hostname="DESKTOP-8FDCMHT" name="com.textboxop.WebElementOpIII" tests="1" failures="0" timestamp="2022-03-22T15:52:56 IST" time="12.331" errors="0">
  <testcase name="getAttributeVal" time="12.331" classname="com.textboxop.WebElementOpIII"/>
  <system-out/>
</testsuite> <!-- com.textboxop.WebElementOpIII -->
