<?xml version="1.0" encoding="UTF-8"?>
<!-- Generated by org.testng.reporters.JUnitReportReporter -->
<testsuite skipped="0" hostname="DESKTOP-8FDCMHT" name="com.test.ElementLocators" tests="1" failures="0" timestamp="2022-03-19T19:36:19 IST" time="55.504" errors="0">
  <testcase name="locatortest" time="55.504" classname="com.test.ElementLocators"/>
  <system-out/>
</testsuite> <!-- com.test.ElementLocators -->
