<?xml version="1.0" encoding="UTF-8"?>
<!-- Generated by org.testng.reporters.JUnitReportReporter -->
<testsuite skipped="0" hostname="DESKTOP-8FDCMHT" name="com.link.test.ImglinkTest" tests="1" failures="0" timestamp="2022-03-31T11:23:29 IST" time="29.702" errors="0">
  <testcase name="linktestest" time="29.702" classname="com.link.test.ImglinkTest"/>
  <system-out/>
</testsuite> <!-- com.link.test.ImglinkTest -->
