<?xml version="1.0" encoding="UTF-8"?>
<!-- Generated by org.testng.reporters.JUnitReportReporter -->
<testsuite skipped="0" hostname="DESKTOP-8FDCMHT" name="com.actions.test.keyboardActions" tests="2" failures="0" timestamp="2022-04-05T10:00:44 IST" time="57.644" errors="0">
  <testcase name="keyboardActionTest" time="21.424" classname="com.actions.test.keyboardActions"/>
  <system-out/>
  <testcase name="tabPressAction" time="36.220" classname="com.actions.test.keyboardActions"/>
  <system-out/>
</testsuite> <!-- com.actions.test.keyboardActions -->
