<?xml version="1.0" encoding="UTF-8"?>
<!-- Generated by org.testng.reporters.JUnitReportReporter -->
<testsuite skipped="0" hostname="DESKTOP-8FDCMHT" name="com.dropdown.test.WindowHandleingtest" tests="1" failures="0" timestamp="2022-04-04T17:24:19 IST" time="35.792" errors="0">
  <testcase name="windowhandle" time="35.792" classname="com.dropdown.test.WindowHandleingtest"/>
  <system-out/>
</testsuite> <!-- com.dropdown.test.WindowHandleingtest -->
