<?xml version="1.0" encoding="UTF-8"?>
<!-- Generated by org.testng.reporters.JUnitReportReporter -->
<testsuite skipped="0" hostname="DESKTOP-8FDCMHT" name="com.textboxop.WebElementV" tests="1" failures="0" timestamp="2022-03-23T10:54:40 IST" time="18.767" errors="0">
  <testcase name="tetboxEnable" time="18.767" classname="com.textboxop.WebElementV"/>
  <system-out/>
</testsuite> <!-- com.textboxop.WebElementV -->
