<?xml version="1.0" encoding="UTF-8"?>
<!-- Generated by org.testng.reporters.JUnitReportReporter -->
<testsuite skipped="0" hostname="DESKTOP-8FDCMHT" name="com.windowhandler.test.WindowHandler" tests="2" failures="0" timestamp="2022-04-02T18:52:04 IST" time="14.660" errors="0">
  <testcase name="login" time="5.280" classname="com.windowhandler.test.WindowHandler"/>
  <system-out/>
  <testcase name="homepage" time="9.380" classname="com.windowhandler.test.WindowHandler"/>
  <system-out/>
</testsuite> <!-- com.windowhandler.test.WindowHandler -->
