<?xml version="1.0" encoding="UTF-8"?>
<!-- Generated by org.testng.reporters.JUnitReportReporter -->
<testsuite skipped="0" hostname="DESKTOP-8FDCMHT" name="com.actions.test.DoubleClickTest" tests="1" failures="0" timestamp="2022-04-05T15:33:21 IST" time="36.441" errors="0">
  <testcase name="doubleClickEvent" time="36.441" classname="com.actions.test.DoubleClickTest"/>
  <system-out/>
</testsuite> <!-- com.actions.test.DoubleClickTest -->
