<?xml version="1.0" encoding="UTF-8"?>
<!-- Generated by org.testng.reporters.JUnitReportReporter -->
<testsuite skipped="0" hostname="DESKTOP-8FDCMHT" name="com.link.test.LinkTestIII" tests="1" failures="0" timestamp="2022-03-30T22:13:53 IST" time="30.813" errors="0">
  <testcase name="linktestt" time="30.813" classname="com.link.test.LinkTestIII"/>
  <system-out/>
</testsuite> <!-- com.link.test.LinkTestIII -->
