<?xml version="1.0" encoding="UTF-8"?>
<!-- Generated by org.testng.reporters.JUnitReportReporter -->
<testsuite skipped="0" hostname="DESKTOP-8FDCMHT" name="com.selMiscellaneous.test.CaptureScreenshot" tests="1" failures="0" timestamp="2022-04-04T19:27:27 IST" time="23.197" errors="0">
  <testcase name="captureScreen" time="23.197" classname="com.selMiscellaneous.test.CaptureScreenshot"/>
  <system-out/>
</testsuite> <!-- com.selMiscellaneous.test.CaptureScreenshot -->
