<?xml version="1.0" encoding="UTF-8"?>
<!-- Generated by org.testng.reporters.JUnitReportReporter -->
<testsuite skipped="0" hostname="DESKTOP-8FDCMHT" name="com.popup.test.PopUpTestII" tests="1" failures="0" timestamp="2022-03-31T12:00:44 IST" time="34.760" errors="0">
  <testcase name="popup" time="34.760" classname="com.popup.test.PopUpTestII"/>
  <system-out/>
</testsuite> <!-- com.popup.test.PopUpTestII -->
