<?xml version="1.0" encoding="UTF-8"?>
<!-- Generated by org.testng.reporters.JUnitReportReporter -->
<testsuite hostname="DESKTOP-8FDCMHT" failures="0" tests="1" name="com.actions.test.ClickandholdTest" time="18.156" errors="0" timestamp="2022-04-28T22:54:41 IST" skipped="0">
  <testcase classname="com.actions.test.ClickandholdTest" name="clickAndholdevent" time="18.156"/>
  <system-out/>
</testsuite> <!-- com.actions.test.ClickandholdTest -->
