<?xml version="1.0" encoding="UTF-8"?>
<!-- Generated by org.testng.reporters.JUnitReportReporter -->
<testsuite hostname="DESKTOP-8FDCMHT" failures="0" tests="1" name="com.dropdown.test.DropDownIV" time="18.215" errors="0" timestamp="2022-05-20T16:39:32 IST" skipped="0">
  <testcase classname="com.dropdown.test.DropDownIV" name="radioOp" time="18.215"/>
  <system-out/>
</testsuite> <!-- com.dropdown.test.DropDownIV -->
