<?xml version="1.0" encoding="UTF-8"?>
<!-- Generated by org.testng.reporters.JUnitReportReporter -->
<testsuite skipped="0" hostname="DESKTOP-8FDCMHT" name="com.dropdown.test.DropDownIII" tests="1" failures="0" timestamp="2022-04-04T17:21:20 IST" time="20.424" errors="0">
  <testcase name="radioOp" time="20.424" classname="com.dropdown.test.DropDownIII"/>
  <system-out/>
</testsuite> <!-- com.dropdown.test.DropDownIII -->
