<?xml version="1.0" encoding="UTF-8"?>
<!-- Generated by org.testng.reporters.JUnitReportReporter -->
<testsuite skipped="0" hostname="DESKTOP-8FDCMHT" name="com.dropdown.test.DropdownOpII" tests="1" failures="0" timestamp="2022-03-30T19:50:16 IST" time="13.594" errors="0">
  <testcase name="radioOp" time="13.594" classname="com.dropdown.test.DropdownOpII"/>
  <system-out/>
</testsuite> <!-- com.dropdown.test.DropdownOpII -->
