<?xml version="1.0" encoding="UTF-8"?>
<!-- Generated by org.testng.reporters.JUnitReportReporter -->
<testsuite skipped="0" hostname="DESKTOP-8FDCMHT" name="com.selMiscellaneous.test.BrokenLinks" tests="1" failures="0" timestamp="2022-04-04T21:36:48 IST" time="42.725" errors="0">
  <testcase name="brokenlinks" time="42.725" classname="com.selMiscellaneous.test.BrokenLinks"/>
  <system-out/>
</testsuite> <!-- com.selMiscellaneous.test.BrokenLinks -->
