<?xml version="1.0" encoding="UTF-8"?>
<!-- Generated by org.testng.reporters.JUnitReportReporter -->
<testsuite hostname="DESKTOP-8FDCMHT" failures="0" tests="1" name="com.link.test.LinkTestIII" time="31.681" errors="0" timestamp="2022-05-20T18:01:25 IST" skipped="0">
  <testcase classname="com.link.test.LinkTestIII" name="linktestt" time="31.681"/>
  <system-out/>
</testsuite> <!-- com.link.test.LinkTestIII -->
